<?xml version="1.0" encoding="UTF-8"?>
<!-- Generated by org.testng.reporters.JUnitReportReporter -->
<testsuite skipped="0" hostname="MAROC81" name="scripts.TestCase_DoneesTechniques" tests="2" failures="0" timestamp="28 Sep 2018 10:56:37 GMT" time="6.122" errors="0">
  <testcase name="SignIn" time="4.018" classname="scripts.TestCase_DoneesTechniques"/>
  <testcase name="TestDonneesTechniques" time="2.104" classname="scripts.TestCase_DoneesTechniques"/>
</testsuite> <!-- scripts.TestCase_DoneesTechniques -->
