<?xml version="1.0" encoding="UTF-8"?>
<!-- Generated by org.testng.reporters.JUnitReportReporter -->
<testsuite skipped="0" hostname="MAROC81" name="scripts.TestCase_Login_LogOut" tests="1" failures="0" timestamp="01 Oct 2018 09:22:25 GMT" time="5.573" errors="0">
  <testcase name="TestLoginIn" time="5.573" classname="scripts.TestCase_Login_LogOut"/>
</testsuite> <!-- scripts.TestCase_Login_LogOut -->
