<?xml version="1.0" encoding="UTF-8"?>
<!-- Generated by org.testng.reporters.JUnitReportReporter -->
<testsuite skipped="0" hostname="MAROC81" name="scripts.TestCase_UploadPhoto" tests="1" failures="0" timestamp="28 Sep 2018 12:01:49 GMT" time="4.176" errors="0">
  <testcase name="TestUploadPhoto" time="4.176" classname="scripts.TestCase_UploadPhoto"/>
</testsuite> <!-- scripts.TestCase_UploadPhoto -->
